<?xml version="1.0" encoding="UTF-8"?>
<testsuites name="ts5" time="85" tests="1" failures="2" errors="0">
   <testsuite name="ts5" tests="1" failures="2" errors="0" time="85" timestamp="2018-08-01 17:40:48" hostname="carrison.jiang - CNQDSX-150247.goertek.com" id="Test Suites/ts5">
      <properties>
         <property name="deviceName" value=""/>
         <property name="devicePlatform" value=""/>
         <property name="logFolder" value="C:\\Users\\carrison.jiang\\Katalon Studio\\bugfree1\\Reports\\ts5\\20180801_174045"/>
         <property name="logFiles" value="C:\\Users\\carrison.jiang\\Katalon Studio\\bugfree1\\Reports\\ts5\\20180801_174045\\execution0.log"/>
         <property name="attachments" value="C:\\Users\\carrison.jiang\\Katalon Studio\\bugfree1\\Reports\\ts5\\20180801_174045\\1533116490187.png, C:\\Users\\carrison.jiang\\Katalon Studio\\bugfree1\\Reports\\ts5\\20180801_174045\\1533116490583.png, C:\\Users\\carrison.jiang\\Katalon Studio\\bugfree1\\Reports\\ts5\\20180801_174045\\1533116526069.png, C:\\Users\\carrison.jiang\\Katalon Studio\\bugfree1\\Reports\\ts5\\20180801_174045\\1533116526401.png"/>
         <property name="hostName" value="carrison.jiang - CNQDSX-150247.goertek.com"/>
         <property name="os" value="Windows 7 64bit"/>
         <property name="katalonVersion" value="5.5.0.1"/>
         <property name="browser" value="Chrome 65.0.3325.181"/>
         <property name="hostAddress" value="192.168.56.1"/>
         <property name="sessionId" value="f3e4864c2db1b5a7230ff99aee58963d"/>
         <property name="seleniumVersion" value="3.7.1"/>
         <property name="proxyInformation" value="ProxyInformation{proxyOption=NO_PROXY, proxyServerType=HTTP, password=, proxyServerAddress=, proxyServerPort=0}"/>
         <property name="platform" value="Windows 7"/>
      </properties>
      <testcase name="Test Cases/tc05" classname="Test Cases/tc05" status="FAILED">
         <failure type="FAILED" message="Verify element text of test object 'Object Repository/adminBugFree/UserInfo' FAILED. (Root cause: com.kms.katalon.core.webui.exception.WebElementNotFoundException: Web element with id: 'Object Repository/adminBugFree/frame_NavFrame' located by 'By.xpath: //frame[@src = 'TopNav.php' and @name = 'NavFrame' and @id = 'NavFrame']' not found)"/>
         <system-out><![CDATA[2018-08-01 17:40:49 - [TEST_CASE][FAILED] - Test Cases/tc05: Test Cases/tc05 FAILED because (of) Verify element text of test object 'Object Repository/adminBugFree/UserInfo' FAILED. (Root cause: com.kms.katalon.core.webui.exception.WebElementNotFoundException: Web element with id: 'Object Repository/adminBugFree/frame_NavFrame' located by 'By.xpath: //frame[@src = 'TopNav.php' and @name = 'NavFrame' and @id = 'NavFrame']' not found)

2018-08-01 17:40:49 - [TEST_STEP][PASSED] - openBrowser: Browser is opened with url: 'http://10.10.31.107:41062/www/Login.php'

2018-08-01 17:40:58 - [MESSAGE][PASSED] - Browser is opened with url: 'http://10.10.31.107:41062/www/Login.php'

2018-08-01 17:40:58 - [TEST_STEP][PASSED] - setText: Text 'sally' is set on object 'Object Repository/adminBugFree/username'

2018-08-01 17:40:58 - [MESSAGE][PASSED] - Text 'sally' is set on object 'Object Repository/adminBugFree/username'

2018-08-01 17:40:58 - [TEST_STEP][PASSED] - setText: Text '123456' is set on object 'Object Repository/adminBugFree/password'

2018-08-01 17:40:59 - [MESSAGE][PASSED] - Text '123456' is set on object 'Object Repository/adminBugFree/password'

2018-08-01 17:40:59 - [TEST_STEP][PASSED] - click: Object: 'Object Repository/adminBugFree/submit' is clicked on

2018-08-01 17:40:59 - [MESSAGE][PASSED] - Object: 'Object Repository/adminBugFree/submit' is clicked on

2018-08-01 17:40:59 - [TEST_STEP][PASSED] - waitForPageLoad: Wait for page load successfully

2018-08-01 17:40:59 - [MESSAGE][PASSED] - Wait for page load successfully

2018-08-01 17:40:59 - [TEST_STEP][PASSED] - comment: 验证用户名

2018-08-01 17:40:59 - [TEST_STEP][FAILED] - verifyElementText: Verify element text of test object 'Object Repository/adminBugFree/UserInfo' FAILED. (Root cause: com.kms.katalon.core.webui.exception.WebElementNotFoundException: Web element with id: 'Object Repository/adminBugFree/frame_NavFrame' located by 'By.xpath: //frame[@src = 'TopNav.php' and @name = 'NavFrame' and @id = 'NavFrame']' not found)

2018-08-01 17:41:30 - [MESSAGE][FAILED] - com.kms.katalon.core.webui.exception.WebElementNotFoundException: Web element with id: 'Object Repository/adminBugFree/frame_NavFrame' located by 'By.xpath: //frame[@src = 'TopNav.php' and @name = 'NavFrame' and @id = 'NavFrame']' not found
[[ATTACHMENT|C:\\Users\\carrison.jiang\\Katalon Studio\\bugfree1\\Reports\\ts5\\20180801_174045\\1533116490187.png]]

2018-08-01 17:41:30 - [MESSAGE][FAILED] - Verify element text of test object 'Object Repository/adminBugFree/UserInfo' FAILED. (Root cause: com.kms.katalon.core.webui.exception.WebElementNotFoundException: Web element with id: 'Object Repository/adminBugFree/frame_NavFrame' located by 'By.xpath: //frame[@src = 'TopNav.php' and @name = 'NavFrame' and @id = 'NavFrame']' not found)
[[ATTACHMENT|C:\\Users\\carrison.jiang\\Katalon Studio\\bugfree1\\Reports\\ts5\\20180801_174045\\1533116490583.png]]]]></system-out>
         <system-err><![CDATA[2018-08-01 17:40:49 - [TEST_CASE][FAILED] - Test Cases/tc05: Test Cases/tc05 FAILED because (of) Verify element text of test object 'Object Repository/adminBugFree/UserInfo' FAILED. (Root cause: com.kms.katalon.core.webui.exception.WebElementNotFoundException: Web element with id: 'Object Repository/adminBugFree/frame_NavFrame' located by 'By.xpath: //frame[@src = 'TopNav.php' and @name = 'NavFrame' and @id = 'NavFrame']' not found)]]></system-err>
      </testcase>
      <testcase name="Test Cases/tc05" classname="Test Cases/tc05" status="FAILED">
         <failure type="FAILED" message="Verify element text of test object 'Object Repository/adminBugFree/UserInfo' FAILED. (Root cause: com.kms.katalon.core.webui.exception.WebElementNotFoundException: Web element with id: 'Object Repository/adminBugFree/frame_NavFrame' located by 'By.xpath: //frame[@src = 'TopNav.php' and @name = 'NavFrame' and @id = 'NavFrame']' not found)"/>
         <system-out><![CDATA[2018-08-01 17:41:30 - [TEST_CASE][FAILED] - Test Cases/tc05: Test Cases/tc05 FAILED because (of) Verify element text of test object 'Object Repository/adminBugFree/UserInfo' FAILED. (Root cause: com.kms.katalon.core.webui.exception.WebElementNotFoundException: Web element with id: 'Object Repository/adminBugFree/frame_NavFrame' located by 'By.xpath: //frame[@src = 'TopNav.php' and @name = 'NavFrame' and @id = 'NavFrame']' not found)

2018-08-01 17:41:30 - [TEST_STEP][PASSED] - openBrowser: Browser is opened with url: 'http://10.10.31.107:41062/www/Login.php'

2018-08-01 17:41:30 - [MESSAGE][WARNING] - A browser is already opened. Closing browser and opening a new one

2018-08-01 17:41:34 - [MESSAGE][PASSED] - Browser is opened with url: 'http://10.10.31.107:41062/www/Login.php'

2018-08-01 17:41:34 - [TEST_STEP][PASSED] - setText: Text 'John Doe' is set on object 'Object Repository/adminBugFree/username'

2018-08-01 17:41:35 - [MESSAGE][PASSED] - Text 'John Doe' is set on object 'Object Repository/adminBugFree/username'

2018-08-01 17:41:35 - [TEST_STEP][PASSED] - setText: Text 'ThisIsNotAPassword' is set on object 'Object Repository/adminBugFree/password'

2018-08-01 17:41:35 - [MESSAGE][PASSED] - Text 'ThisIsNotAPassword' is set on object 'Object Repository/adminBugFree/password'

2018-08-01 17:41:35 - [TEST_STEP][PASSED] - click: Object: 'Object Repository/adminBugFree/submit' is clicked on

2018-08-01 17:41:35 - [MESSAGE][PASSED] - Object: 'Object Repository/adminBugFree/submit' is clicked on

2018-08-01 17:41:35 - [TEST_STEP][PASSED] - waitForPageLoad: Wait for page load successfully

2018-08-01 17:41:35 - [MESSAGE][PASSED] - Wait for page load successfully

2018-08-01 17:41:35 - [TEST_STEP][PASSED] - comment: 验证用户名

2018-08-01 17:41:35 - [TEST_STEP][FAILED] - verifyElementText: Verify element text of test object 'Object Repository/adminBugFree/UserInfo' FAILED. (Root cause: com.kms.katalon.core.webui.exception.WebElementNotFoundException: Web element with id: 'Object Repository/adminBugFree/frame_NavFrame' located by 'By.xpath: //frame[@src = 'TopNav.php' and @name = 'NavFrame' and @id = 'NavFrame']' not found)

2018-08-01 17:42:06 - [MESSAGE][FAILED] - com.kms.katalon.core.webui.exception.WebElementNotFoundException: Web element with id: 'Object Repository/adminBugFree/frame_NavFrame' located by 'By.xpath: //frame[@src = 'TopNav.php' and @name = 'NavFrame' and @id = 'NavFrame']' not found
[[ATTACHMENT|C:\\Users\\carrison.jiang\\Katalon Studio\\bugfree1\\Reports\\ts5\\20180801_174045\\1533116526069.png]]

2018-08-01 17:42:06 - [MESSAGE][FAILED] - Verify element text of test object 'Object Repository/adminBugFree/UserInfo' FAILED. (Root cause: com.kms.katalon.core.webui.exception.WebElementNotFoundException: Web element with id: 'Object Repository/adminBugFree/frame_NavFrame' located by 'By.xpath: //frame[@src = 'TopNav.php' and @name = 'NavFrame' and @id = 'NavFrame']' not found)
[[ATTACHMENT|C:\\Users\\carrison.jiang\\Katalon Studio\\bugfree1\\Reports\\ts5\\20180801_174045\\1533116526401.png]]]]></system-out>
         <system-err><![CDATA[2018-08-01 17:41:30 - [TEST_CASE][FAILED] - Test Cases/tc05: Test Cases/tc05 FAILED because (of) Verify element text of test object 'Object Repository/adminBugFree/UserInfo' FAILED. (Root cause: com.kms.katalon.core.webui.exception.WebElementNotFoundException: Web element with id: 'Object Repository/adminBugFree/frame_NavFrame' located by 'By.xpath: //frame[@src = 'TopNav.php' and @name = 'NavFrame' and @id = 'NavFrame']' not found)]]></system-err>
      </testcase>
      <testcase name="Test Cases/tc05" classname="Test Cases/tc05" status="PASSED">
         <system-out><![CDATA[2018-08-01 17:42:06 - [TEST_CASE][PASSED] - Test Cases/tc05: Test Cases/tc05

2018-08-01 17:42:06 - [TEST_STEP][PASSED] - openBrowser: Browser is opened with url: 'http://10.10.31.107:41062/www/Login.php'

2018-08-01 17:42:06 - [MESSAGE][WARNING] - A browser is already opened. Closing browser and opening a new one

2018-08-01 17:42:11 - [MESSAGE][PASSED] - Browser is opened with url: 'http://10.10.31.107:41062/www/Login.php'

2018-08-01 17:42:11 - [TEST_STEP][PASSED] - setText: Text 'admin' is set on object 'Object Repository/adminBugFree/username'

2018-08-01 17:42:11 - [MESSAGE][PASSED] - Text 'admin' is set on object 'Object Repository/adminBugFree/username'

2018-08-01 17:42:11 - [TEST_STEP][PASSED] - setText: Text '123456' is set on object 'Object Repository/adminBugFree/password'

2018-08-01 17:42:11 - [MESSAGE][PASSED] - Text '123456' is set on object 'Object Repository/adminBugFree/password'

2018-08-01 17:42:11 - [TEST_STEP][PASSED] - click: Object: 'Object Repository/adminBugFree/submit' is clicked on

2018-08-01 17:42:11 - [MESSAGE][PASSED] - Object: 'Object Repository/adminBugFree/submit' is clicked on

2018-08-01 17:42:11 - [TEST_STEP][PASSED] - waitForPageLoad: Wait for page load successfully

2018-08-01 17:42:11 - [MESSAGE][PASSED] - Wait for page load successfully

2018-08-01 17:42:11 - [TEST_STEP][PASSED] - comment: 验证用户名

2018-08-01 17:42:11 - [TEST_STEP][PASSED] - verifyElementText: Actual text and expected text of test object 'Object Repository/adminBugFree/UserInfo' are matched.

2018-08-01 17:42:12 - [MESSAGE][PASSED] - Actual text and expected text of test object 'Object Repository/adminBugFree/UserInfo' are matched.

2018-08-01 17:42:12 - [TEST_STEP][PASSED] - click: Object: 'Object Repository/Page_BugFree/Page_BugFree/Logout' is clicked on

2018-08-01 17:42:12 - [MESSAGE][PASSED] - Object: 'Object Repository/Page_BugFree/Page_BugFree/Logout' is clicked on

2018-08-01 17:42:12 - [TEST_STEP][PASSED] - closeBrowser: Browser is closed

2018-08-01 17:42:13 - [MESSAGE][PASSED] - Browser is closed]]></system-out>
         <system-err><![CDATA[]]></system-err>
      </testcase>
      <system-out><![CDATA[2018-08-01 17:40:48 - [TEST_SUITE][FAILED] - ts5: Test Cases/tc05 FAILED because (of) Verify element text of test object 'Object Repository/adminBugFree/UserInfo' FAILED. (Root cause: com.kms.katalon.core.webui.exception.WebElementNotFoundException: Web element with id: 'Object Repository/adminBugFree/frame_NavFrame' located by 'By.xpath: //frame[@src = 'TopNav.php' and @name = 'NavFrame' and @id = 'NavFrame']' not found)]]></system-out>
      <system-err><![CDATA[2018-08-01 17:40:48 - [TEST_SUITE][FAILED] - ts5: Test Cases/tc05 FAILED because (of) Verify element text of test object 'Object Repository/adminBugFree/UserInfo' FAILED. (Root cause: com.kms.katalon.core.webui.exception.WebElementNotFoundException: Web element with id: 'Object Repository/adminBugFree/frame_NavFrame' located by 'By.xpath: //frame[@src = 'TopNav.php' and @name = 'NavFrame' and @id = 'NavFrame']' not found)]]></system-err>
   </testsuite>
</testsuites>
